<?xml version="1.0" encoding="UTF-8"?>
<!-- Generated by org.testng.reporters.JUnitReportReporter -->
<testsuite skipped="0" hostname="LAPTOP-OCLE0COJ" name="tests.GetandPost" tests="1" failures="0" timestamp="2022-02-16T18:28:17 IST" time="2.250" errors="0">
  <testcase name="TestPost" time="2.250" classname="tests.GetandPost"/>
  <system-out/>
</testsuite> <!-- tests.GetandPost -->
