<?xml version="1.0" encoding="UTF-8"?>
<!-- Generated by org.testng.reporters.JUnitReportReporter -->
<testsuite skipped="0" hostname="LAPTOP-OCLE0COJ" name="tests.Test1" tests="2" failures="0" timestamp="2022-02-16T10:46:24 IST" time="8.898" errors="0">
  <testcase name="test_2" time="1.666" classname="tests.Test1"/>
  <system-out/>
  <testcase name="test_1" time="7.232" classname="tests.Test1"/>
  <system-out/>
</testsuite> <!-- tests.Test1 -->
