<?xml version="1.0" encoding="UTF-8"?>
<!-- Generated by org.testng.reporters.JUnitReportReporter -->
<testsuite skipped="0" hostname="LAPTOP-OCLE0COJ" name="tests.Test2" tests="1" failures="0" timestamp="2022-02-08T21:48:45 IST" time="2.209" errors="0">
  <testcase name="test_2" time="2.209" classname="tests.Test2"/>
  <system-out/>
</testsuite> <!-- tests.Test2 -->
