<?xml version="1.0" encoding="UTF-8"?>
<!-- Generated by org.testng.reporters.JUnitReportReporter -->
<testsuite skipped="0" hostname="LAPTOP-OCLE0COJ" name="tests.JSONSchemaValidator$GetandPost" tests="1" failures="0" timestamp="2022-02-19T10:56:07 IST" time="1.285" errors="0">
  <testcase name="TestGet" time="1.285" classname="tests.JSONSchemaValidator$GetandPost"/>
  <system-out/>
</testsuite> <!-- tests.JSONSchemaValidator$GetandPost -->
