<?xml version="1.0" encoding="UTF-8"?>
<!-- Generated by org.testng.reporters.JUnitReportReporter -->
<testsuite skipped="0" hostname="LAPTOP-OCLE0COJ" name="tests.GetandPost" tests="1" failures="0" timestamp="2022-02-19T10:56:07 IST" time="2.555" errors="0">
  <testcase name="TestPost" time="2.555" classname="tests.GetandPost"/>
  <system-out/>
</testsuite> <!-- tests.GetandPost -->
