<?xml version="1.0" encoding="UTF-8"?>
<!-- Generated by org.testng.reporters.JUnitReportReporter -->
<testsuite skipped="0" hostname="LAPTOP-OCLE0COJ" name="tests.GetandPost" tests="2" failures="0" timestamp="2022-02-19T14:41:24 IST" time="2.999" errors="0">
  <testcase name="TestGet" time="2.393" classname="tests.GetandPost"/>
  <system-out/>
  <testcase name="TestPost" time="0.606" classname="tests.GetandPost"/>
  <system-out/>
</testsuite> <!-- tests.GetandPost -->
