<?xml version="1.0" encoding="UTF-8"?>
<!-- Generated by org.testng.reporters.JUnitReportReporter -->
<testsuite skipped="0" hostname="LAPTOP-OCLE0COJ" name="tests.PutPatchDelete" tests="3" failures="0" timestamp="2022-02-16T18:50:21 IST" time="3.254" errors="0">
  <testcase name="TestPatch" time="0.561" classname="tests.PutPatchDelete"/>
  <system-out/>
  <testcase name="TestDelete" time="2.195" classname="tests.PutPatchDelete"/>
  <system-out/>
  <testcase name="TestPut" time="0.498" classname="tests.PutPatchDelete"/>
  <system-out/>
</testsuite> <!-- tests.PutPatchDelete -->
