<?xml version="1.0" encoding="UTF-8"?>
<!-- Generated by org.testng.reporters.JUnitReportReporter -->
<testsuite skipped="0" hostname="LAPTOP-OCLE0COJ" name="tests.PutPatchDelete" tests="3" failures="0" timestamp="2022-02-19T14:41:24 IST" time="1.602" errors="0">
  <testcase name="TestDelete" time="0.544" classname="tests.PutPatchDelete"/>
  <system-out/>
  <testcase name="TestPatch" time="0.478" classname="tests.PutPatchDelete"/>
  <system-out/>
  <testcase name="TestPut" time="0.580" classname="tests.PutPatchDelete"/>
  <system-out/>
</testsuite> <!-- tests.PutPatchDelete -->
